# project  configured on Sun Jul 19 21:13:20 2015 by
# waf 1.7.11 (abi 98, python 20706f0 on linux2)
# using /home/remon/pebble-dev/PebbleSDK-3.1/Pebble/waf configure build
#
----------------------------------------
Setting top to
/home/remon/pebble/stein-face
----------------------------------------
Setting out to
/home/remon/pebble/stein-face/build
----------------------------------------
Found Pebble SDK for basalt in:
/home/remon/pebble-dev/PebbleSDK-3.1/Pebble/basalt
----------------------------------------
Checking for program gcc,cc
arm-none-eabi-gcc
find program=['gcc', 'cc'] paths='' var='CC' -> 'arm-none-eabi-gcc'
----------------------------------------
Checking for program ar
arm-none-eabi-ar
find program=['ar'] paths='' var='AR' -> 'arm-none-eabi-ar'
